<?xml version="1.0" encoding="utf-8"?><testsuites name="pytest tests"><testsuite name="pytest" errors="0" failures="0" skipped="0" tests="18" time="6.913" timestamp="2026-04-19T03:56:50.321864+00:00" hostname="agent-env-ded9547a-5fb8-478d-b692-b2a7b495461b"><testcase classname="tests.test_photoscout_backend.TestHealth" name="test_health_check" time="0.158" /><testcase classname="tests.test_photoscout_backend.TestAuth" name="test_register_returns_token_and_user" time="0.379" /><testcase classname="tests.test_photoscout_backend.TestAuth" name="test_login_admin_returns_token_and_role" time="0.360" /><testcase classname="tests.test_photoscout_backend.TestAuth" name="test_get_auth_me_with_bearer_token" time="0.386" /><testcase classname="tests.test_photoscout_backend.TestAuth" name="test_google_session_invalid_returns_401_or_500" time="0.222" /><testcase classname="tests.test_photoscout_backend.TestFeed" name="test_feed_home_returns_sections" time="0.131" /><testcase classname="tests.test_photoscout_backend.TestSpots" name="test_get_spots_with_filters" time="0.205" /><testcase classname="tests.test_photoscout_backend.TestSpots" name="test_get_spot_detail" time="0.159" /><testcase classname="tests.test_photoscout_backend.TestSpots" name="test_create_private_spot_authenticated" time="0.442" /><testcase classname="tests.test_photoscout_backend.TestSpots" name="test_toggle_save_spot" time="0.487" /><testcase classname="tests.test_photoscout_backend.TestCollections" name="test_create_collection_and_list" time="0.426" /><testcase classname="tests.test_photoscout_backend.TestReviewsAndCheckins" name="test_create_review_with_auth" time="0.462" /><testcase classname="tests.test_photoscout_backend.TestReviewsAndCheckins" name="test_create_checkin_with_auth" time="0.431" /><testcase classname="tests.test_photoscout_backend.TestFollows" name="test_follow_user_toggle" time="0.652" /><testcase classname="tests.test_photoscout_backend.TestAdmin" name="test_admin_pending_returns_only_pending_public_spots" time="0.400" /><testcase classname="tests.test_photoscout_backend.TestAdmin" name="test_admin_pending_forbidden_for_non_admin" time="0.389" /><testcase classname="tests.test_photoscout_backend.TestCreatorDashboard" name="test_get_creator_dashboard" time="0.395" /><testcase classname="tests.test_photoscout_backend.TestPrivacy" name="test_private_spot_returns_403_for_non_owner" time="0.749" /></testsuite></testsuites>