<?xml version="1.0" encoding="utf-8"?><testsuites name="pytest tests"><testsuite name="pytest" errors="0" failures="0" skipped="0" tests="15" time="1.940" timestamp="2026-06-10T21:41:31.349431+00:00" hostname="agent-env-ded9547a-5fb8-478d-b692-b2a7b495461b"><testcase classname="tests.test_phase2_add_location.TestPhase2NewFields" name="test_create_with_new_fields_success" time="0.284" /><testcase classname="tests.test_phase2_add_location.TestPhase2NewFields" name="test_clamp_high" time="0.094" /><testcase classname="tests.test_phase2_add_location.TestPhase2NewFields" name="test_clamp_low" time="0.095" /><testcase classname="tests.test_phase2_add_location.TestPhase2NewFields" name="test_persistence_via_mongo" time="0.205" /><testcase classname="tests.test_phase2_add_location.TestPhase2NewFields" name="test_clamp_persisted_to_mongo" time="0.008" /><testcase classname="tests.test_phase2_add_location.TestLegacyCreateStillWorks" name="test_public_spot_no_new_fields" time="0.045" /><testcase classname="tests.test_phase2_add_location.TestLegacyCreateStillWorks" name="test_draft_spot_no_new_fields" time="0.045" /><testcase classname="tests.test_phase2_add_location.TestLegacyCreateStillWorks" name="test_private_spot_no_new_fields" time="0.045" /><testcase classname="tests.test_phase2_add_location.TestValidatorsStillReject" name="test_null_island_rejected" time="0.044" /><testcase classname="tests.test_phase2_add_location.TestValidatorsStillReject" name="test_lat_over_90_rejected" time="0.044" /><testcase classname="tests.test_phase2_add_location.TestPreExistingEndpoints" name="test_check_duplicates" time="0.048" /><testcase classname="tests.test_phase2_add_location.TestPreExistingEndpoints" name="test_park_session_unauth_401" time="0.003" /><testcase classname="tests.test_phase2_add_location.TestPreExistingEndpoints" name="test_park_session_authed_200" time="0.043" /><testcase classname="tests.test_phase2_add_location.TestPreExistingEndpoints" name="test_uploads_image_multipart" time="0.514" /><testcase classname="tests.test_phase2_add_location.TestZCleanup" name="test_cleanup_spots" time="0.327" /></testsuite></testsuites>