<?xml version="1.0" encoding="utf-8"?><testsuites name="pytest tests"><testsuite name="pytest" errors="0" failures="0" skipped="0" tests="18" time="2.339" timestamp="2026-06-10T22:04:18.714636+00:00" hostname="agent-env-ded9547a-5fb8-478d-b692-b2a7b495461b"><testcase classname="tests.test_phase3_add_location.TestAClientQualityStrip" name="test_create_public_spot_with_quality" time="0.285" /><testcase classname="tests.test_phase3_add_location.TestAClientQualityStrip" name="test_mongo_has_client_quality" time="0.008" /><testcase classname="tests.test_phase3_add_location.TestAClientQualityStrip" name="test_admin_get_sees_client_quality" time="0.054" /><testcase classname="tests.test_phase3_add_location.TestAClientQualityStrip" name="test_normal_get_strips_client_quality" time="0.280" /><testcase classname="tests.test_phase3_add_location.TestAClientQualityStrip" name="test_feed_home_strips_for_non_admin" time="0.021" /><testcase classname="tests.test_phase3_add_location.TestBAdminPendingSort" name="test_seed_pending_spots" time="0.100" /><testcase classname="tests.test_phase3_add_location.TestBAdminPendingSort" name="test_default_sort_is_quality_desc" time="0.046" /><testcase classname="tests.test_phase3_add_location.TestBAdminPendingSort" name="test_explicit_sort_quality" time="0.045" /><testcase classname="tests.test_phase3_add_location.TestBAdminPendingSort" name="test_sort_newest" time="0.045" /><testcase classname="tests.test_phase3_add_location.TestBAdminPendingSort" name="test_sort_oldest" time="0.046" /><testcase classname="tests.test_phase3_add_location.TestBAdminPendingSort" name="test_sort_unknown_falls_back_to_quality" time="0.045" /><testcase classname="tests.test_phase3_add_location.TestCRegression" name="test_create_without_new_fields" time="0.045" /><testcase classname="tests.test_phase3_add_location.TestCRegression" name="test_create_with_null_signals" time="0.045" /><testcase classname="tests.test_phase3_add_location.TestCRegression" name="test_get_public_spot_200" time="0.050" /><testcase classname="tests.test_phase3_add_location.TestCRegression" name="test_free_tier_saves_cap_402" time="0.521" /><testcase classname="tests.test_phase3_add_location.TestCRegression" name="test_free_tier_collections_cap_402" time="0.045" /><testcase classname="tests.test_phase3_add_location.TestZCleanup" name="test_cleanup_spots" time="0.416" /><testcase classname="tests.test_phase3_add_location.TestZCleanup" name="test_cleanup_test_users" time="0.002" /></testsuite></testsuites>