<?xml version="1.0" encoding="utf-8"?><testsuites name="pytest tests"><testsuite name="pytest" errors="0" failures="0" skipped="0" tests="38" time="18.497" timestamp="2026-04-19T04:29:24.931389+00:00" hostname="agent-env-ded9547a-5fb8-478d-b692-b2a7b495461b"><testcase classname="tests.test_photoscout_backend.TestHealth" name="test_health_check" time="0.243" /><testcase classname="tests.test_photoscout_backend.TestAuth" name="test_register_returns_token_and_user" time="0.339" /><testcase classname="tests.test_photoscout_backend.TestAuth" name="test_login_admin_returns_token_and_role" time="0.337" /><testcase classname="tests.test_photoscout_backend.TestAuth" name="test_get_auth_me_with_bearer_token" time="0.393" /><testcase classname="tests.test_photoscout_backend.TestAuth" name="test_google_session_invalid_returns_401_or_500" time="0.201" /><testcase classname="tests.test_photoscout_backend.TestFeed" name="test_feed_home_returns_sections" time="0.117" /><testcase classname="tests.test_photoscout_backend.TestSpots" name="test_get_spots_with_filters" time="0.231" /><testcase classname="tests.test_photoscout_backend.TestSpots" name="test_get_spot_detail" time="0.172" /><testcase classname="tests.test_photoscout_backend.TestSpots" name="test_create_private_spot_authenticated" time="0.485" /><testcase classname="tests.test_photoscout_backend.TestSpots" name="test_toggle_save_spot" time="0.531" /><testcase classname="tests.test_photoscout_backend.TestCollections" name="test_create_collection_and_list" time="0.464" /><testcase classname="tests.test_photoscout_backend.TestReviewsAndCheckins" name="test_create_review_with_auth" time="0.436" /><testcase classname="tests.test_photoscout_backend.TestReviewsAndCheckins" name="test_create_checkin_with_auth" time="0.459" /><testcase classname="tests.test_photoscout_backend.TestFollows" name="test_follow_user_toggle" time="0.660" /><testcase classname="tests.test_photoscout_backend.TestAdmin" name="test_admin_pending_returns_only_pending_public_spots" time="0.432" /><testcase classname="tests.test_photoscout_backend.TestAdmin" name="test_admin_pending_forbidden_for_non_admin" time="0.374" /><testcase classname="tests.test_photoscout_backend.TestCreatorDashboard" name="test_get_creator_dashboard" time="0.405" /><testcase classname="tests.test_photoscout_backend.TestPrivacy" name="test_private_spot_returns_403_for_non_owner" time="0.793" /><testcase classname="tests.test_iteration2_features.TestAuthMe" name="test_auth_me_includes_plan_limits_usage" time="0.389" /><testcase classname="tests.test_iteration2_features.TestNewUserRegistration" name="test_new_user_gets_free_plan" time="0.372" /><testcase classname="tests.test_iteration2_features.TestFeatureGatingCollections" name="test_free_plan_collection_limit_returns_402" time="0.524" /><testcase classname="tests.test_iteration2_features.TestFeatureGatingPrivateSpots" name="test_free_plan_private_spot_limit_returns_402" time="0.516" /><testcase classname="tests.test_iteration2_features.TestFeatureGatingSaves" name="test_free_plan_save_limit_returns_402" time="1.464" /><testcase classname="tests.test_iteration2_features.TestPlanUpgrade" name="test_upgrade_to_pro_unblocks_limits" time="0.512" /><testcase classname="tests.test_iteration2_features.TestPlanUpgrade" name="test_upgrade_to_elite_enables_sell_packs" time="0.368" /><testcase classname="tests.test_iteration2_features.TestSpotPacks" name="test_create_pack_requires_elite_plan" time="0.401" /><testcase classname="tests.test_iteration2_features.TestSpotPacks" name="test_elite_user_can_create_pack" time="0.447" /><testcase classname="tests.test_iteration2_features.TestSpotPacks" name="test_get_packs_returns_published_packs" time="0.103" /><testcase classname="tests.test_iteration2_features.TestAdminReports" name="test_admin_reports_returns_list" time="0.397" /><testcase classname="tests.test_iteration2_features.TestAdminReports" name="test_admin_reports_forbidden_for_non_admin" time="0.397" /><testcase classname="tests.test_iteration2_features.TestAdminReports" name="test_admin_reports_status_filter_pending" time="0.387" /><testcase classname="tests.test_iteration2_features.TestAdminReports" name="test_admin_reports_status_filter_resolved" time="0.383" /><testcase classname="tests.test_iteration2_features.TestAdminReports" name="test_admin_resolve_report_dismissed" time="0.836" /><testcase classname="tests.test_iteration2_features.TestAdminReports" name="test_admin_resolve_report_removed_sets_spot_visibility_rejected" time="0.806" /><testcase classname="tests.test_iteration2_features.TestPrivacyApproximateCoordinates" name="test_approximate_mode_rounds_coordinates_for_non_owner" time="0.759" /><testcase classname="tests.test_iteration2_features.TestPrivacyApproximateCoordinates" name="test_approximate_mode_rounds_in_list_endpoints" time="0.711" /><testcase classname="tests.test_iteration2_features.TestPrivacyPrivateSpots" name="test_private_spot_returns_403_to_non_owner" time="0.730" /><testcase classname="tests.test_iteration2_features.TestPrivacyPrivateSpots" name="test_private_spot_absent_from_list_endpoints" time="0.814" /></testsuite></testsuites>