<?xml version="1.0" encoding="utf-8"?><testsuites name="pytest tests"><testsuite name="pytest" errors="0" failures="0" skipped="0" tests="20" time="12.097" timestamp="2026-04-19T03:56:34.134126+00:00" hostname="agent-env-ded9547a-5fb8-478d-b692-b2a7b495461b"><testcase classname="tests.test_iteration2_features.TestAuthMe" name="test_auth_me_includes_plan_limits_usage" time="0.597" /><testcase classname="tests.test_iteration2_features.TestNewUserRegistration" name="test_new_user_gets_free_plan" time="0.432" /><testcase classname="tests.test_iteration2_features.TestFeatureGatingCollections" name="test_free_plan_collection_limit_returns_402" time="0.548" /><testcase classname="tests.test_iteration2_features.TestFeatureGatingPrivateSpots" name="test_free_plan_private_spot_limit_returns_402" time="0.582" /><testcase classname="tests.test_iteration2_features.TestFeatureGatingSaves" name="test_free_plan_save_limit_returns_402" time="1.751" /><testcase classname="tests.test_iteration2_features.TestPlanUpgrade" name="test_upgrade_to_pro_unblocks_limits" time="0.527" /><testcase classname="tests.test_iteration2_features.TestPlanUpgrade" name="test_upgrade_to_elite_enables_sell_packs" time="0.406" /><testcase classname="tests.test_iteration2_features.TestSpotPacks" name="test_create_pack_requires_elite_plan" time="0.380" /><testcase classname="tests.test_iteration2_features.TestSpotPacks" name="test_elite_user_can_create_pack" time="0.474" /><testcase classname="tests.test_iteration2_features.TestSpotPacks" name="test_get_packs_returns_published_packs" time="0.104" /><testcase classname="tests.test_iteration2_features.TestAdminReports" name="test_admin_reports_returns_list" time="0.395" /><testcase classname="tests.test_iteration2_features.TestAdminReports" name="test_admin_reports_forbidden_for_non_admin" time="0.393" /><testcase classname="tests.test_iteration2_features.TestAdminReports" name="test_admin_reports_status_filter_pending" time="0.424" /><testcase classname="tests.test_iteration2_features.TestAdminReports" name="test_admin_reports_status_filter_resolved" time="0.380" /><testcase classname="tests.test_iteration2_features.TestAdminReports" name="test_admin_resolve_report_dismissed" time="0.806" /><testcase classname="tests.test_iteration2_features.TestAdminReports" name="test_admin_resolve_report_removed_sets_spot_visibility_rejected" time="0.815" /><testcase classname="tests.test_iteration2_features.TestPrivacyApproximateCoordinates" name="test_approximate_mode_rounds_coordinates_for_non_owner" time="0.706" /><testcase classname="tests.test_iteration2_features.TestPrivacyApproximateCoordinates" name="test_approximate_mode_rounds_in_list_endpoints" time="0.708" /><testcase classname="tests.test_iteration2_features.TestPrivacyPrivateSpots" name="test_private_spot_returns_403_to_non_owner" time="0.789" /><testcase classname="tests.test_iteration2_features.TestPrivacyPrivateSpots" name="test_private_spot_absent_from_list_endpoints" time="0.798" /></testsuite></testsuites>