<?xml version="1.0" encoding="utf-8"?><testsuites name="pytest tests"><testsuite name="pytest" errors="0" failures="0" skipped="0" tests="16" time="2.819" timestamp="2026-06-10T22:32:22.767927+00:00" hostname="agent-env-ded9547a-5fb8-478d-b692-b2a7b495461b"><testcase classname="tests.test_auth_apple.TestAppleEndpointPlumbing" name="test_empty_body_returns_422" time="0.004" /><testcase classname="tests.test_auth_apple.TestAppleEndpointPlumbing" name="test_short_garbage_returns_4xx_not_500" time="0.043" /><testcase classname="tests.test_auth_apple.TestAppleEndpointPlumbing" name="test_long_garbage_jwt_returns_401" time="0.043" /><testcase classname="tests.test_auth_apple.TestAppleEndpointPlumbing" name="test_malformed_base64_noise_returns_401" time="0.044" /><testcase classname="tests.test_auth_apple.TestAppleBundleIdEnv" name="test_default_bundle_id_constant" time="0.177" /><testcase classname="tests.test_auth_apple.TestAppleBundleIdEnv" name="test_env_var_is_read_at_module_load" time="0.000" /><testcase classname="tests.test_auth_apple.TestAppleBundleIdEnv" name="test_module_constants" time="0.000" /><testcase classname="tests.test_auth_apple.TestAuthRegression" name="test_admin_login_ok" time="0.234" /><testcase classname="tests.test_auth_apple.TestAuthRegression" name="test_register_fresh_user" time="0.267" /><testcase classname="tests.test_auth_apple.TestAuthRegression" name="test_google_session_bogus_id" time="0.154" /><testcase classname="tests.test_auth_apple.TestAuthRegression" name="test_auth_me_with_valid_token" time="0.243" /><testcase classname="tests.test_auth_apple.TestAppleLookupLogic" name="test_a_new_user_created_with_apple_sub" time="1.228" /><testcase classname="tests.test_auth_apple.TestAppleLookupLogic" name="test_b_second_call_reuses_same_user" time="0.004" /><testcase classname="tests.test_auth_apple.TestAppleLookupLogic" name="test_c_hide_my_email_path" time="0.004" /><testcase classname="tests.test_auth_apple.TestAppleLookupLogic" name="test_d_link_existing_email_account" time="0.273" /><testcase classname="tests.test_auth_apple.TestAppleLookupLogic" name="test_e_cleanup_test_users" time="0.002" /></testsuite></testsuites>