<?xml version="1.0" encoding="utf-8"?><testsuites name="pytest tests"><testsuite name="pytest" errors="0" failures="0" skipped="0" tests="38" time="18.592" timestamp="2026-04-19T04:18:53.176660+00:00" hostname="agent-env-ded9547a-5fb8-478d-b692-b2a7b495461b"><testcase classname="test_photoscout_backend.TestHealth" name="test_health_check" time="0.275" /><testcase classname="test_photoscout_backend.TestAuth" name="test_register_returns_token_and_user" time="0.365" /><testcase classname="test_photoscout_backend.TestAuth" name="test_login_admin_returns_token_and_role" time="0.365" /><testcase classname="test_photoscout_backend.TestAuth" name="test_get_auth_me_with_bearer_token" time="0.379" /><testcase classname="test_photoscout_backend.TestAuth" name="test_google_session_invalid_returns_401_or_500" time="0.223" /><testcase classname="test_photoscout_backend.TestFeed" name="test_feed_home_returns_sections" time="0.151" /><testcase classname="test_photoscout_backend.TestSpots" name="test_get_spots_with_filters" time="0.208" /><testcase classname="test_photoscout_backend.TestSpots" name="test_get_spot_detail" time="0.154" /><testcase classname="test_photoscout_backend.TestSpots" name="test_create_private_spot_authenticated" time="0.428" /><testcase classname="test_photoscout_backend.TestSpots" name="test_toggle_save_spot" time="0.515" /><testcase classname="test_photoscout_backend.TestCollections" name="test_create_collection_and_list" time="0.464" /><testcase classname="test_photoscout_backend.TestReviewsAndCheckins" name="test_create_review_with_auth" time="0.456" /><testcase classname="test_photoscout_backend.TestReviewsAndCheckins" name="test_create_checkin_with_auth" time="0.438" /><testcase classname="test_photoscout_backend.TestFollows" name="test_follow_user_toggle" time="0.660" /><testcase classname="test_photoscout_backend.TestAdmin" name="test_admin_pending_returns_only_pending_public_spots" time="0.437" /><testcase classname="test_photoscout_backend.TestAdmin" name="test_admin_pending_forbidden_for_non_admin" time="0.379" /><testcase classname="test_photoscout_backend.TestCreatorDashboard" name="test_get_creator_dashboard" time="0.394" /><testcase classname="test_photoscout_backend.TestPrivacy" name="test_private_spot_returns_403_for_non_owner" time="0.765" /><testcase classname="test_iteration2_features.TestAuthMe" name="test_auth_me_includes_plan_limits_usage" time="0.372" /><testcase classname="test_iteration2_features.TestNewUserRegistration" name="test_new_user_gets_free_plan" time="0.418" /><testcase classname="test_iteration2_features.TestFeatureGatingCollections" name="test_free_plan_collection_limit_returns_402" time="0.531" /><testcase classname="test_iteration2_features.TestFeatureGatingPrivateSpots" name="test_free_plan_private_spot_limit_returns_402" time="0.589" /><testcase classname="test_iteration2_features.TestFeatureGatingSaves" name="test_free_plan_save_limit_returns_402" time="1.447" /><testcase classname="test_iteration2_features.TestPlanUpgrade" name="test_upgrade_to_pro_unblocks_limits" time="0.528" /><testcase classname="test_iteration2_features.TestPlanUpgrade" name="test_upgrade_to_elite_enables_sell_packs" time="0.392" /><testcase classname="test_iteration2_features.TestSpotPacks" name="test_create_pack_requires_elite_plan" time="0.405" /><testcase classname="test_iteration2_features.TestSpotPacks" name="test_elite_user_can_create_pack" time="0.428" /><testcase classname="test_iteration2_features.TestSpotPacks" name="test_get_packs_returns_published_packs" time="0.136" /><testcase classname="test_iteration2_features.TestAdminReports" name="test_admin_reports_returns_list" time="0.377" /><testcase classname="test_iteration2_features.TestAdminReports" name="test_admin_reports_forbidden_for_non_admin" time="0.414" /><testcase classname="test_iteration2_features.TestAdminReports" name="test_admin_reports_status_filter_pending" time="0.395" /><testcase classname="test_iteration2_features.TestAdminReports" name="test_admin_reports_status_filter_resolved" time="0.373" /><testcase classname="test_iteration2_features.TestAdminReports" name="test_admin_resolve_report_dismissed" time="0.786" /><testcase classname="test_iteration2_features.TestAdminReports" name="test_admin_resolve_report_removed_sets_spot_visibility_rejected" time="0.847" /><testcase classname="test_iteration2_features.TestPrivacyApproximateCoordinates" name="test_approximate_mode_rounds_coordinates_for_non_owner" time="0.763" /><testcase classname="test_iteration2_features.TestPrivacyApproximateCoordinates" name="test_approximate_mode_rounds_in_list_endpoints" time="0.705" /><testcase classname="test_iteration2_features.TestPrivacyPrivateSpots" name="test_private_spot_returns_403_to_non_owner" time="0.703" /><testcase classname="test_iteration2_features.TestPrivacyPrivateSpots" name="test_private_spot_absent_from_list_endpoints" time="0.817" /></testsuite></testsuites>